#
# A fatal error has been detected by the Java Runtime Environment:
#
#  SIGSEGV (0xb) at pc=0x00007fe9dd069a7a, pid=20921, tid=0x00007fe9a79d7700
#
# JRE version: Java(TM) SE Runtime Environment (8.0_111-b14) (build 1.8.0_111-b14)
# Java VM: Java HotSpot(TM) 64-Bit Server VM (25.111-b14 mixed mode linux-amd64 compressed oops)
# Problematic frame:
# v  ~BufferBlob::jni_fast_GetLongField
#
# Failed to write core dump. Core dumps have been disabled. To enable core dumping, try "ulimit -c unlimited" before starting Java again
#
# If you would like to submit a bug report, please visit:
#   http://bugreport.java.com/bugreport/crash.jsp
# The crash happened outside the Java Virtual Machine in native code.
# See problematic frame for where to report the bug.
#

---------------  T H R E A D  ---------------

Current thread (0x00007fe9ec228800):  JavaThread "AWT-XAWT" daemon [_thread_in_native, id=20941, stack(0x00007fe9a78d7000,0x00007fe9a79d8000)]

siginfo: si_signo: 11 (SIGSEGV), si_code: 1 (SEGV_MAPERR), si_addr: 0x0000000000000000

Registers:
RAX=0x00007fe9f4b3d520, RBX=0x00007fe9ec2289f8, RCX=0x00007fe9f55ce320, RDX=0x0000000000000042
RSP=0x00007fe9a79d6458, RBP=0x00007fe9a79d6480, RSI=0x0000000000000000, RDI=0x00007fe9ec2289f8
R8 =0x00000000ec272968, R9 =0x0000000000000000, R10=0x000000000000008a, R11=0x00007fe9dd31ecd8
R12=0x00007fe98c088740, R13=0x0000000000000000, R14=0x00007fe9cda587e0, R15=0x00007fe9ec228800
RIP=0x00007fe9dd069a7a, EFLAGS=0x0000000000010246, CSGSFS=0x002b000000000033, ERR=0x0000000000000004
  TRAPNO=0x000000000000000e

Top of Stack: (sp=0x00007fe9a79d6458)
0x00007fe9a79d6458:   00007fe9cd836ee1 00007fe9f1751bd8
0x00007fe9a79d6468:   00007fe98c088740 00007fe9a79d6530
0x00007fe9a79d6478:   00007fe9a79d6500 0000000000000000
0x00007fe9a79d6488:   00007fe9cd319300 00007fe9f1751bd8
0x00007fe9a79d6498:   00007fe9a79d64c0 0000000000000000
0x00007fe9a79d64a8:   00007fe9cd310e23 00007fe9a79d6530
0x00007fe9a79d64b8:   00007fe9cd83011f 00007fe9a79d6510
0x00007fe9a79d64c8:   00007fe9dd31ed76 0000000000000000
0x00007fe9a79d64d8:   00007fe9dd1e5a76 00007fe9a79d6530
0x00007fe9a79d64e8:   00007fe9f423f73b 00007fe9a79d6590
0x00007fe9a79d64f8:   00000000ec450c70 00000000ec4519a8
0x00007fe9a79d6508:   0000000000000001 00007fe9a79d6590
0x00007fe9a79d6518:   00007fe9dd007a90 00007fe9a79d6590
0x00007fe9a79d6528:   00007fe9dd007a90 0000000000000000
0x00007fe9a79d6538:   00007fe9dd007dd0 00007fe994001090
0x00007fe9a79d6548:   00000000ec4b3f40 00007fe9a79d6550
0x00007fe9a79d6558:   00007fe9f1731d7c 00007fe9a79d65d8
0x00007fe9a79d6568:   00007fe9f173ad18 0000000000000000
0x00007fe9a79d6578:   00007fe9f1731eb8 00007fe9a79d6530
0x00007fe9a79d6588:   00007fe9a79d65d0 00007fe9a79d6620
0x00007fe9a79d6598:   00007fe9dd0082bd 0000000000000000
0x00007fe9a79d65a8:   00000000ec7570e0 0000000000000000
0x00007fe9a79d65b8:   0000000000000000 0000000000000000
0x00007fe9a79d65c8:   00000000ec4b3f40 0000000000000000
0x00007fe9a79d65d8:   00000000ec484d60 00007fe9a79d65e0
0x00007fe9a79d65e8:   00007fe9f1731bbd 00007fe9a79d6630
0x00007fe9a79d65f8:   00007fe9f173ad18 0000000000000000
0x00007fe9a79d6608:   00007fe9f1731bc8 00007fe9a79d65d0
0x00007fe9a79d6618:   00007fe9a79d6630 00007fe9a79d6678
0x00007fe9a79d6628:   00007fe9dd008302 00000000ec484d60
0x00007fe9a79d6638:   00007fe9a79d6638 00007fe9f12ec94b
0x00007fe9a79d6648:   00007fe9a79d6688 00007fe9f1373fd0 

Instructions: (pc=0x00007fe9dd069a7a)
0x00007fe9dd069a5a:   00 00 00 00 00 00 44 8b 15 21 35 b1 17 4c 8b ce
0x00007fe9dd069a6a:   41 f6 c2 01 0f 85 2e 00 00 00 4d 33 ca 4d 33 ca
0x00007fe9dd069a7a:   4d 8b 09 4c 8b da 49 c1 eb 02 4b 8b 04 19 49 bb
0x00007fe9dd069a8a:   88 cf b7 f4 e9 7f 00 00 4c 33 d8 4c 33 d8 45 3b 

Register to memory mapping:

RAX=0x00007fe9f4b3d520: <offset 0xf84520> in /usr/local/jdk1.8.0_111/jre/lib/amd64/server/libjvm.so at 0x00007fe9f3bb9000
RBX=0x00007fe9ec2289f8 is an unknown value
RCX=0x00007fe9f55ce320: <offset 0x21a320> in /lib/x86_64-linux-gnu/libpthread.so.0 at 0x00007fe9f53b4000
RDX=0x0000000000000042 is an unknown value
RSP=0x00007fe9a79d6458 is pointing into the stack for thread: 0x00007fe9ec228800
RBP=0x00007fe9a79d6480 is pointing into the stack for thread: 0x00007fe9ec228800
RSI=0x0000000000000000 is an unknown value
RDI=0x00007fe9ec2289f8 is an unknown value
R8 =0x00000000ec272968 is an oop
sun.util.logging.PlatformLogger$Level 
 - klass: 'sun/util/logging/PlatformLogger$Level'
R9 =0x0000000000000000 is an unknown value
R10=0x000000000000008a is an unknown value
R11=0x00007fe9dd31ecd8 is at entry_point+24 in (nmethod*)0x00007fe9dd31eb50
R12=0x00007fe98c088740 is an unknown value
R13=0x0000000000000000 is an unknown value
R14=0x00007fe9cda587e0: <offset 0x2587e0> in /usr/local/jdk1.8.0_111/jre/lib/amd64/libawt_xawt.so at 0x00007fe9cd800000
R15=0x00007fe9ec228800 is a thread


Stack: [0x00007fe9a78d7000,0x00007fe9a79d8000],  sp=0x00007fe9a79d6458,  free space=1021k
Native frames: (J=compiled Java code, j=interpreted, Vv=VM code, C=native code)
v  ~BufferBlob::jni_fast_GetLongField
C  [libX11.so.6+0x64300]  _XimServerDestroy+0x70

Java frames: (J=compiled Java code, j=interpreted, Vv=VM code)
J 994  sun.awt.X11.XlibWrapper.XFilterEvent(JJ)Z (0 bytes) @ 0x00007fe9dd31ed04 [0x00007fe9dd31ecc0+0x44]
j  sun.awt.X11.XToolkit.run(Z)V+300
j  sun.awt.X11.XToolkit.run()V+5
j  java.lang.Thread.run()V+11
v  ~StubRoutines::call_stub

---------------  P R O C E S S  ---------------

Java Threads: ( => current thread )
  0x00007fe98c14f000 JavaThread "TimerQueue" daemon [_thread_blocked, id=20947, stack(0x00007fe9939fe000,0x00007fe993aff000)]
  0x00007fe9ec00a800 JavaThread "DestroyJavaVM" [_thread_blocked, id=20923, stack(0x00007fe9f56de000,0x00007fe9f57de000)]
  0x00007fe9ec239800 JavaThread "AWT-EventQueue-0" [_thread_blocked, id=20943, stack(0x00007fe9a76d5000,0x00007fe9a77d6000)]
  0x00007fe9ec238000 JavaThread "AWT-Shutdown" [_thread_blocked, id=20942, stack(0x00007fe9a77d6000,0x00007fe9a78d7000)]
=>0x00007fe9ec228800 JavaThread "AWT-XAWT" daemon [_thread_in_native, id=20941, stack(0x00007fe9a78d7000,0x00007fe9a79d8000)]
  0x00007fe9ec208800 JavaThread "Java2D Disposer" daemon [_thread_blocked, id=20940, stack(0x00007fe9cc0d4000,0x00007fe9cc1d5000)]
  0x00007fe9ec0c8800 JavaThread "Service Thread" daemon [_thread_blocked, id=20938, stack(0x00007fe9cde2c000,0x00007fe9cdf2d000)]
  0x00007fe9ec0bd800 JavaThread "C1 CompilerThread2" daemon [_thread_blocked, id=20937, stack(0x00007fe9cdf2e000,0x00007fe9ce02e000)]
  0x00007fe9ec0bb800 JavaThread "C2 CompilerThread1" daemon [_thread_blocked, id=20936, stack(0x00007fe9ce02f000,0x00007fe9ce12f000)]
  0x00007fe9ec0b8800 JavaThread "C2 CompilerThread0" daemon [_thread_blocked, id=20935, stack(0x00007fe9ce130000,0x00007fe9ce230000)]
  0x00007fe9ec0b7000 JavaThread "Signal Dispatcher" daemon [_thread_in_native, id=20934, stack(0x00007fe9dc0fc000,0x00007fe9dc1fd000)]
  0x00007fe9ec084800 JavaThread "Finalizer" daemon [_thread_blocked, id=20933, stack(0x00007fe9dccfd000,0x00007fe9dcdfe000)]
  0x00007fe9ec080000 JavaThread "Reference Handler" daemon [_thread_blocked, id=20932, stack(0x00007fe9dcdfe000,0x00007fe9dceff000)]

Other Threads:
  0x00007fe9ec078800 VMThread [stack: 0x00007fe9dcf00000,0x00007fe9dd000000] [id=20931]
  0x00007fe9ec0cb800 WatcherThread [stack: 0x00007fe9cdd2c000,0x00007fe9cde2c000] [id=20939]

VM state:not at safepoint (normal execution)

VM Mutex/Monitor currently owned by a thread: None

Heap:
 PSYoungGen      total 17920K, used 9258K [0x00000000ec200000, 0x00000000ed600000, 0x0000000100000000)
  eden space 15360K, 60% used [0x00000000ec200000,0x00000000ecb0abf8,0x00000000ed100000)
  from space 2560K, 0% used [0x00000000ed380000,0x00000000ed380000,0x00000000ed600000)
  to   space 2560K, 0% used [0x00000000ed100000,0x00000000ed100000,0x00000000ed380000)
 ParOldGen       total 40960K, used 0K [0x00000000c4600000, 0x00000000c6e00000, 0x00000000ec200000)
  object space 40960K, 0% used [0x00000000c4600000,0x00000000c4600000,0x00000000c6e00000)
 Metaspace       used 13881K, capacity 14118K, committed 14464K, reserved 1062912K
  class space    used 1730K, capacity 1799K, committed 1920K, reserved 1048576K

Card table byte_map: [0x00007fe9f21de000,0x00007fe9f23bc000] byte_map_base: 0x00007fe9f1bbb000

Marking Bits: (ParMarkBitMap*) 0x00007fe9f4b7c220
 Begin Bits: [0x00007fe9ce230000, 0x00007fe9cf118000)
 End Bits:   [0x00007fe9cf118000, 0x00007fe9d0000000)

Polling page: 0x00007fe9f57f7000

CodeCache: size=245760Kb used=3974Kb max_used=3980Kb free=241785Kb
 bounds [0x00007fe9dd000000, 0x00007fe9dd3f0000, 0x00007fe9ec000000]
 total_blobs=1697 nmethods=1135 adapters=475
 compilation: enabled

Compilation events (10 events):
Event: 1738.565 Thread 0x00007fe9ec0bb800 1131   !   4       sun.awt.X11.XToolkit::callTimeoutTasks (220 bytes)
Event: 1738.569 Thread 0x00007fe9ec0bb800 nmethod 1131 0x00007fe9dd3dea90 code [0x00007fe9dd3dec00, 0x00007fe9dd3ded58]
Event: 2051.929 Thread 0x00007fe9ec0b8800 1132   !   4       sun.awt.X11.XToolkit::getNextTaskTime (55 bytes)
Event: 2051.942 Thread 0x00007fe9ec0b8800 nmethod 1132 0x00007fe9dd3de1d0 code [0x00007fe9dd3de360, 0x00007fe9dd3de668]
Event: 2808.592 Thread 0x00007fe9ec0bd800 1133       3       java.lang.Long::longValue (5 bytes)
Event: 2808.592 Thread 0x00007fe9ec0bd800 nmethod 1133 0x00007fe9dd3e0210 code [0x00007fe9dd3e0360, 0x00007fe9dd3e04b0]
Event: 2823.683 Thread 0x00007fe9ec0bd800 1134   !   3       java.util.Vector$Itr::next (63 bytes)
Event: 2823.685 Thread 0x00007fe9ec0bd800 nmethod 1134 0x00007fe9dd3df510 code [0x00007fe9dd3df6c0, 0x00007fe9dd3dfd38]
Event: 2823.685 Thread 0x00007fe9ec0bd800 1135       3       java.util.Vector$Itr::checkForComodification (23 bytes)
Event: 2823.686 Thread 0x00007fe9ec0bd800 nmethod 1135 0x00007fe9dd3df010 code [0x00007fe9dd3df180, 0x00007fe9dd3df3a8]

GC Heap History (0 events):
No events

Deoptimization events (9 events):
Event: 2.951 Thread 0x00007fe9ec239800 Uncommon trap: reason=class_check action=maybe_recompile pc=0x00007fe9dd166ba4 method=java.lang.String.equals(Ljava/lang/Object;)Z @ 8
Event: 2.952 Thread 0x00007fe9ec239800 Uncommon trap: reason=class_check action=maybe_recompile pc=0x00007fe9dd166ba4 method=java.lang.String.equals(Ljava/lang/Object;)Z @ 8
Event: 2.953 Thread 0x00007fe9ec239800 Uncommon trap: reason=class_check action=maybe_recompile pc=0x00007fe9dd166ba4 method=java.lang.String.equals(Ljava/lang/Object;)Z @ 8
Event: 2.953 Thread 0x00007fe9ec239800 Uncommon trap: reason=class_check action=maybe_recompile pc=0x00007fe9dd166ba4 method=java.lang.String.equals(Ljava/lang/Object;)Z @ 8
Event: 4.776 Thread 0x00007fe9ec239800 Uncommon trap: reason=bimorphic action=maybe_recompile pc=0x00007fe9dd285734 method=java.util.HashMap.getNode(ILjava/lang/Object;)Ljava/util/HashMap$Node; @ 126
Event: 4.818 Thread 0x00007fe9ec239800 Uncommon trap: reason=bimorphic action=maybe_recompile pc=0x00007fe9dd285734 method=java.util.HashMap.getNode(ILjava/lang/Object;)Ljava/util/HashMap$Node; @ 126
Event: 4.818 Thread 0x00007fe9ec239800 Uncommon trap: reason=bimorphic action=maybe_recompile pc=0x00007fe9dd285734 method=java.util.HashMap.getNode(ILjava/lang/Object;)Ljava/util/HashMap$Node; @ 126
Event: 4.818 Thread 0x00007fe9ec239800 Uncommon trap: reason=bimorphic action=maybe_recompile pc=0x00007fe9dd285734 method=java.util.HashMap.getNode(ILjava/lang/Object;)Ljava/util/HashMap$Node; @ 126
Event: 4.818 Thread 0x00007fe9ec239800 Uncommon trap: reason=bimorphic action=maybe_recompile pc=0x00007fe9dd26b870 method=java.util.HashMap.getNode(ILjava/lang/Object;)Ljava/util/HashMap$Node; @ 126

Internal exceptions (10 events):
Event: 0.109 Thread 0x00007fe9ec00a800 Exception <a 'java/security/PrivilegedActionException'> (0x00000000ec287598) thrown at [/HUDSON3/workspace/8-2-build-linux-amd64/jdk8u111/7883/hotspot/src/share/vm/prims/jvm.cpp, line 1386]
Event: 0.109 Thread 0x00007fe9ec00a800 Exception <a 'java/security/PrivilegedActionException'> (0x00000000ec2877a8) thrown at [/HUDSON3/workspace/8-2-build-linux-amd64/jdk8u111/7883/hotspot/src/share/vm/prims/jvm.cpp, line 1386]
Event: 0.110 Thread 0x00007fe9ec00a800 Exception <a 'java/security/PrivilegedActionException'> (0x00000000ec289aa8) thrown at [/HUDSON3/workspace/8-2-build-linux-amd64/jdk8u111/7883/hotspot/src/share/vm/prims/jvm.cpp, line 1386]
Event: 0.110 Thread 0x00007fe9ec00a800 Exception <a 'java/security/PrivilegedActionException'> (0x00000000ec289cb8) thrown at [/HUDSON3/workspace/8-2-build-linux-amd64/jdk8u111/7883/hotspot/src/share/vm/prims/jvm.cpp, line 1386]
Event: 0.168 Thread 0x00007fe9ec00a800 Exception <a 'java/lang/NoSuchFieldError': method resolution failed> (0x00000000ec3a33a0) thrown at [/HUDSON3/workspace/8-2-build-linux-amd64/jdk8u111/7883/hotspot/src/share/vm/prims/methodHandles.cpp, line 1146]
Event: 0.171 Thread 0x00007fe9ec00a800 Exception <a 'java/lang/NoSuchFieldError': method resolution failed> (0x00000000ec3b0af0) thrown at [/HUDSON3/workspace/8-2-build-linux-amd64/jdk8u111/7883/hotspot/src/share/vm/prims/methodHandles.cpp, line 1146]
Event: 0.207 Thread 0x00007fe9ec00a800 Exception <a 'java/io/FileNotFoundException'> (0x00000000ec42f7b8) thrown at [/HUDSON3/workspace/8-2-build-linux-amd64/jdk8u111/7883/hotspot/src/share/vm/prims/jni.cpp, line 709]
Event: 0.207 Thread 0x00007fe9ec00a800 Exception <a 'java/io/FileNotFoundException'> (0x00000000ec430148) thrown at [/HUDSON3/workspace/8-2-build-linux-amd64/jdk8u111/7883/hotspot/src/share/vm/prims/jni.cpp, line 709]
Event: 0.539 Thread 0x00007fe9ec239800 Exception <a 'java/lang/UnsupportedOperationException': > (0x00000000ec6e7a50) thrown at [/HUDSON3/workspace/8-2-build-linux-amd64/jdk8u111/7883/hotspot/src/share/vm/prims/jni.cpp, line 735]
Event: 1.801 Thread 0x00007fe9ec239800 Exception <a 'java/lang/UnsupportedOperationException': > (0x00000000ec78fb30) thrown at [/HUDSON3/workspace/8-2-build-linux-amd64/jdk8u111/7883/hotspot/src/share/vm/prims/jni.cpp, line 735]

Events (10 events):
Event: 10.302 loading class java/awt/KeyboardFocusManager$5
Event: 10.302 loading class java/awt/KeyboardFocusManager$5 done
Event: 10.302 loading class javax/swing/JComponent$KeyboardState
Event: 10.302 loading class javax/swing/JComponent$KeyboardState done
Event: 10.302 loading class javax/swing/JComponent$IntVector
Event: 10.302 loading class javax/swing/JComponent$IntVector done
Event: 10.302 loading class java/util/Vector$1
Event: 10.302 loading class java/util/Vector$1 done
Event: 94.548 loading class java/util/ArrayList$1
Event: 94.548 loading class java/util/ArrayList$1 done


Dynamic libraries:
00400000-00401000 r-xp 00000000 08:01 9966484                            /usr/local/jdk1.8.0_111/bin/java
00600000-00601000 rw-p 00000000 08:01 9966484                            /usr/local/jdk1.8.0_111/bin/java
011c6000-011e7000 rw-p 00000000 00:00 0                                  [heap]
c4600000-c6e00000 rw-p 00000000 00:00 0 
c6e00000-ec200000 ---p 00000000 00:00 0 
ec200000-ed600000 rw-p 00000000 00:00 0 
ed600000-100000000 ---p 00000000 00:00 0 
100000000-1001e0000 rw-p 00000000 00:00 0 
1001e0000-140000000 ---p 00000000 00:00 0 
7fe980000000-7fe980021000 rw-p 00000000 00:00 0 
7fe980021000-7fe984000000 ---p 00000000 00:00 0 
7fe988000000-7fe988021000 rw-p 00000000 00:00 0 
7fe988021000-7fe98c000000 ---p 00000000 00:00 0 
7fe98c000000-7fe98c294000 rw-p 00000000 00:00 0 
7fe98c294000-7fe990000000 ---p 00000000 00:00 0 
7fe9937fe000-7fe99383e000 rw-p 00000000 00:00 0 
7fe99383e000-7fe9939fe000 ---p 00000000 00:00 0 
7fe9939fe000-7fe993a01000 ---p 00000000 00:00 0 
7fe993a01000-7fe993cff000 rw-p 00000000 00:00 0 
7fe993cff000-7fe993d02000 ---p 00000000 00:00 0 
7fe993d02000-7fe994000000 rw-p 00000000 00:00 0 
7fe994000000-7fe994380000 rw-p 00000000 00:00 0 
7fe994380000-7fe998000000 ---p 00000000 00:00 0 
7fe998000000-7fe998021000 rw-p 00000000 00:00 0 
7fe998021000-7fe99c000000 ---p 00000000 00:00 0 
7fe99c000000-7fe99c021000 rw-p 00000000 00:00 0 
7fe99c021000-7fe9a0000000 ---p 00000000 00:00 0 
7fe9a0000000-7fe9a0021000 rw-p 00000000 00:00 0 
7fe9a0021000-7fe9a4000000 ---p 00000000 00:00 0 
7fe9a402c000-7fe9a4095000 r-xp 00000000 08:01 9966322                    /usr/local/jdk1.8.0_111/jre/lib/amd64/libt2k.so
7fe9a4095000-7fe9a4295000 ---p 00069000 08:01 9966322                    /usr/local/jdk1.8.0_111/jre/lib/amd64/libt2k.so
7fe9a4295000-7fe9a429c000 rw-p 00069000 08:01 9966322                    /usr/local/jdk1.8.0_111/jre/lib/amd64/libt2k.so
7fe9a429c000-7fe9a42ac000 rw-p 00000000 00:00 0 
7fe9a42ac000-7fe9a42bd000 r-xp 00000000 08:01 9966320                    /usr/local/jdk1.8.0_111/jre/lib/amd64/libnio.so
7fe9a42bd000-7fe9a44bc000 ---p 00011000 08:01 9966320                    /usr/local/jdk1.8.0_111/jre/lib/amd64/libnio.so
7fe9a44bc000-7fe9a44bd000 rw-p 00010000 08:01 9966320                    /usr/local/jdk1.8.0_111/jre/lib/amd64/libnio.so
7fe9a44bd000-7fe9a74be000 rw-p 00000000 00:00 0 
7fe9a74be000-7fe9a74d4000 r-xp 00000000 08:01 9966321                    /usr/local/jdk1.8.0_111/jre/lib/amd64/libnet.so
7fe9a74d4000-7fe9a76d4000 ---p 00016000 08:01 9966321                    /usr/local/jdk1.8.0_111/jre/lib/amd64/libnet.so
7fe9a76d4000-7fe9a76d5000 rw-p 00016000 08:01 9966321                    /usr/local/jdk1.8.0_111/jre/lib/amd64/libnet.so
7fe9a76d5000-7fe9a76d8000 ---p 00000000 00:00 0 
7fe9a76d8000-7fe9a77d6000 rw-p 00000000 00:00 0 
7fe9a77d6000-7fe9a77d9000 ---p 00000000 00:00 0 
7fe9a77d9000-7fe9a78d7000 rw-p 00000000 00:00 0 
7fe9a78d7000-7fe9a78da000 ---p 00000000 00:00 0 
7fe9a78da000-7fe9a79d8000 rw-p 00000000 00:00 0 
7fe9a79d8000-7fe9a79dd000 r-xp 00000000 08:01 9313947                    /usr/lib/x86_64-linux-gnu/libXfixes.so.3.1.0
7fe9a79dd000-7fe9a7bdc000 ---p 00005000 08:01 9313947                    /usr/lib/x86_64-linux-gnu/libXfixes.so.3.1.0
7fe9a7bdc000-7fe9a7bdd000 r--p 00004000 08:01 9313947                    /usr/lib/x86_64-linux-gnu/libXfixes.so.3.1.0
7fe9a7bdd000-7fe9a7bde000 rw-p 00005000 08:01 9313947                    /usr/lib/x86_64-linux-gnu/libXfixes.so.3.1.0
7fe9a7bde000-7fe9a7be7000 r-xp 00000000 08:01 9313939                    /usr/lib/x86_64-linux-gnu/libXcursor.so.1.0.2
7fe9a7be7000-7fe9a7de6000 ---p 00009000 08:01 9313939                    /usr/lib/x86_64-linux-gnu/libXcursor.so.1.0.2
7fe9a7de6000-7fe9a7de7000 r--p 00008000 08:01 9313939                    /usr/lib/x86_64-linux-gnu/libXcursor.so.1.0.2
7fe9a7de7000-7fe9a7de8000 rw-p 00009000 08:01 9313939                    /usr/lib/x86_64-linux-gnu/libXcursor.so.1.0.2
7fe9a7de8000-7fe9a7dff000 r-xp 00000000 08:01 6160390                    /lib/x86_64-linux-gnu/libgcc_s.so.1
7fe9a7dff000-7fe9a7ffe000 ---p 00017000 08:01 6160390                    /lib/x86_64-linux-gnu/libgcc_s.so.1
7fe9a7ffe000-7fe9a7fff000 r--p 00016000 08:01 6160390                    /lib/x86_64-linux-gnu/libgcc_s.so.1
7fe9a7fff000-7fe9a8000000 rw-p 00017000 08:01 6160390                    /lib/x86_64-linux-gnu/libgcc_s.so.1
7fe9a8000000-7fe9a8784000 rw-p 00000000 00:00 0 
7fe9a8784000-7fe9ac000000 ---p 00000000 00:00 0 
7fe9ac000000-7fe9ac021000 rw-p 00000000 00:00 0 
7fe9ac021000-7fe9b0000000 ---p 00000000 00:00 0 
7fe9b0000000-7fe9b00fa000 rw-p 00000000 00:00 0 
7fe9b00fa000-7fe9b4000000 ---p 00000000 00:00 0 
7fe9b4000000-7fe9b4178000 rw-p 00000000 00:00 0 
7fe9b4178000-7fe9b8000000 ---p 00000000 00:00 0 
7fe9b8000000-7fe9b8021000 rw-p 00000000 00:00 0 
7fe9b8021000-7fe9bc000000 ---p 00000000 00:00 0 
7fe9bc000000-7fe9bc021000 rw-p 00000000 00:00 0 
7fe9bc021000-7fe9c0000000 ---p 00000000 00:00 0 
7fe9c0000000-7fe9c0021000 rw-p 00000000 00:00 0 
7fe9c0021000-7fe9c4000000 ---p 00000000 00:00 0 
7fe9c4000000-7fe9c4021000 rw-p 00000000 00:00 0 
7fe9c4021000-7fe9c8000000 ---p 00000000 00:00 0 
7fe9c8000000-7fe9c8021000 rw-p 00000000 00:00 0 
7fe9c8021000-7fe9cc000000 ---p 00000000 00:00 0 
7fe9cc0d4000-7fe9cc0d7000 ---p 00000000 00:00 0 
7fe9cc0d7000-7fe9cc1d5000 rw-p 00000000 00:00 0 
7fe9cc1d5000-7fe9cc23a000 r-xp 00000000 08:01 9965441                    /usr/local/jdk1.8.0_111/jre/lib/amd64/libfontmanager.so
7fe9cc23a000-7fe9cc439000 ---p 00065000 08:01 9965441                    /usr/local/jdk1.8.0_111/jre/lib/amd64/libfontmanager.so
7fe9cc439000-7fe9cc43e000 rw-p 00064000 08:01 9965441                    /usr/local/jdk1.8.0_111/jre/lib/amd64/libfontmanager.so
7fe9cc43e000-7fe9cc44e000 rw-p 00000000 00:00 0 
7fe9cc44e000-7fe9cc461000 r-xp 00000000 08:01 6165138                    /lib/x86_64-linux-gnu/libbsd.so.0.8.7
7fe9cc461000-7fe9cc660000 ---p 00013000 08:01 6165138                    /lib/x86_64-linux-gnu/libbsd.so.0.8.7
7fe9cc660000-7fe9cc661000 r--p 00012000 08:01 6165138                    /lib/x86_64-linux-gnu/libbsd.so.0.8.7
7fe9cc661000-7fe9cc662000 rw-p 00013000 08:01 6165138                    /lib/x86_64-linux-gnu/libbsd.so.0.8.7
7fe9cc662000-7fe9cc663000 rw-p 00000000 00:00 0 
7fe9cc663000-7fe9cc668000 r-xp 00000000 08:01 9313943                    /usr/lib/x86_64-linux-gnu/libXdmcp.so.6.0.0
7fe9cc668000-7fe9cc867000 ---p 00005000 08:01 9313943                    /usr/lib/x86_64-linux-gnu/libXdmcp.so.6.0.0
7fe9cc867000-7fe9cc868000 r--p 00004000 08:01 9313943                    /usr/lib/x86_64-linux-gnu/libXdmcp.so.6.0.0
7fe9cc868000-7fe9cc869000 rw-p 00005000 08:01 9313943                    /usr/lib/x86_64-linux-gnu/libXdmcp.so.6.0.0
7fe9cc869000-7fe9cc86b000 r-xp 00000000 08:01 9313932                    /usr/lib/x86_64-linux-gnu/libXau.so.6.0.0
7fe9cc86b000-7fe9cca6b000 ---p 00002000 08:01 9313932                    /usr/lib/x86_64-linux-gnu/libXau.so.6.0.0
7fe9cca6b000-7fe9cca6c000 r--p 00002000 08:01 9313932                    /usr/lib/x86_64-linux-gnu/libXau.so.6.0.0
7fe9cca6c000-7fe9cca6d000 rw-p 00003000 08:01 9313932                    /usr/lib/x86_64-linux-gnu/libXau.so.6.0.0
7fe9cca6d000-7fe9cca93000 r-xp 00000000 08:01 9315136                    /usr/lib/x86_64-linux-gnu/libxcb.so.1.1.0
7fe9cca93000-7fe9ccc93000 ---p 00026000 08:01 9315136                    /usr/lib/x86_64-linux-gnu/libxcb.so.1.1.0
7fe9ccc93000-7fe9ccc94000 r--p 00026000 08:01 9315136                    /usr/lib/x86_64-linux-gnu/libxcb.so.1.1.0
7fe9ccc94000-7fe9ccc95000 rw-p 00027000 08:01 9315136                    /usr/lib/x86_64-linux-gnu/libxcb.so.1.1.0
7fe9ccc95000-7fe9ccca4000 r-xp 00000000 08:01 9313953                    /usr/lib/x86_64-linux-gnu/libXi.so.6.1.0
7fe9ccca4000-7fe9ccea3000 ---p 0000f000 08:01 9313953                    /usr/lib/x86_64-linux-gnu/libXi.so.6.1.0
7fe9ccea3000-7fe9ccea4000 r--p 0000e000 08:01 9313953                    /usr/lib/x86_64-linux-gnu/libXi.so.6.1.0
7fe9ccea4000-7fe9ccea5000 rw-p 0000f000 08:01 9313953                    /usr/lib/x86_64-linux-gnu/libXi.so.6.1.0
7fe9ccea5000-7fe9cceaa000 r-xp 00000000 08:01 9313971                    /usr/lib/x86_64-linux-gnu/libXtst.so.6.1.0
7fe9cceaa000-7fe9cd0a9000 ---p 00005000 08:01 9313971                    /usr/lib/x86_64-linux-gnu/libXtst.so.6.1.0
7fe9cd0a9000-7fe9cd0aa000 r--p 00004000 08:01 9313971                    /usr/lib/x86_64-linux-gnu/libXtst.so.6.1.0
7fe9cd0aa000-7fe9cd0ab000 rw-p 00005000 08:01 9313971                    /usr/lib/x86_64-linux-gnu/libXtst.so.6.1.0
7fe9cd0ab000-7fe9cd0b4000 r-xp 00000000 08:01 9313965                    /usr/lib/x86_64-linux-gnu/libXrender.so.1.3.0
7fe9cd0b4000-7fe9cd2b3000 ---p 00009000 08:01 9313965                    /usr/lib/x86_64-linux-gnu/libXrender.so.1.3.0
7fe9cd2b3000-7fe9cd2b4000 r--p 00008000 08:01 9313965                    /usr/lib/x86_64-linux-gnu/libXrender.so.1.3.0
7fe9cd2b4000-7fe9cd2b5000 rw-p 00009000 08:01 9313965                    /usr/lib/x86_64-linux-gnu/libXrender.so.1.3.0
7fe9cd2b5000-7fe9cd3e9000 r-xp 00000000 08:01 9313928                    /usr/lib/x86_64-linux-gnu/libX11.so.6.3.0
7fe9cd3e9000-7fe9cd5e9000 ---p 00134000 08:01 9313928                    /usr/lib/x86_64-linux-gnu/libX11.so.6.3.0
7fe9cd5e9000-7fe9cd5ea000 r--p 00134000 08:01 9313928                    /usr/lib/x86_64-linux-gnu/libX11.so.6.3.0
7fe9cd5ea000-7fe9cd5ee000 rw-p 00135000 08:01 9313928                    /usr/lib/x86_64-linux-gnu/libX11.so.6.3.0
7fe9cd5ee000-7fe9cd5ff000 r-xp 00000000 08:01 9313945                    /usr/lib/x86_64-linux-gnu/libXext.so.6.4.0
7fe9cd5ff000-7fe9cd7fe000 ---p 00011000 08:01 9313945                    /usr/lib/x86_64-linux-gnu/libXext.so.6.4.0
7fe9cd7fe000-7fe9cd7ff000 r--p 00010000 08:01 9313945                    /usr/lib/x86_64-linux-gnu/libXext.so.6.4.0
7fe9cd7ff000-7fe9cd800000 rw-p 00011000 08:01 9313945                    /usr/lib/x86_64-linux-gnu/libXext.so.6.4.0
7fe9cd800000-7fe9cd854000 r-xp 00000000 08:01 9965990                    /usr/local/jdk1.8.0_111/jre/lib/amd64/libawt_xawt.so
7fe9cd854000-7fe9cda54000 ---p 00054000 08:01 9965990                    /usr/local/jdk1.8.0_111/jre/lib/amd64/libawt_xawt.so
7fe9cda54000-7fe9cda58000 rw-p 00054000 08:01 9965990                    /usr/local/jdk1.8.0_111/jre/lib/amd64/libawt_xawt.so
7fe9cda58000-7fe9cda59000 rw-p 00000000 00:00 0 
7fe9cda59000-7fe9cdafb000 r-xp 00000000 08:01 9966323                    /usr/local/jdk1.8.0_111/jre/lib/amd64/libawt.so
7fe9cdafb000-7fe9cdcfb000 ---p 000a2000 08:01 9966323                    /usr/local/jdk1.8.0_111/jre/lib/amd64/libawt.so
7fe9cdcfb000-7fe9cdd07000 rw-p 000a2000 08:01 9966323                    /usr/local/jdk1.8.0_111/jre/lib/amd64/libawt.so
7fe9cdd07000-7fe9cdd2b000 rw-p 00000000 00:00 0 
7fe9cdd2b000-7fe9cdd2c000 ---p 00000000 00:00 0 
7fe9cdd2c000-7fe9cde2c000 rw-p 00000000 00:00 0 
7fe9cde2c000-7fe9cde2f000 ---p 00000000 00:00 0 
7fe9cde2f000-7fe9cdf2d000 rw-p 00000000 00:00 0 
7fe9cdf2d000-7fe9cdf2e000 ---p 00000000 00:00 0 
7fe9cdf2e000-7fe9cdf31000 ---p 00000000 00:00 0 
7fe9cdf31000-7fe9ce02e000 rw-p 00000000 00:00 0 
7fe9ce02e000-7fe9ce02f000 ---p 00000000 00:00 0 
7fe9ce02f000-7fe9ce032000 ---p 00000000 00:00 0 
7fe9ce032000-7fe9ce12f000 rw-p 00000000 00:00 0 
7fe9ce12f000-7fe9ce130000 ---p 00000000 00:00 0 
7fe9ce130000-7fe9ce133000 ---p 00000000 00:00 0 
7fe9ce133000-7fe9d0000000 rw-p 00000000 00:00 0 
7fe9d0000000-7fe9d0021000 rw-p 00000000 00:00 0 
7fe9d0021000-7fe9d4000000 ---p 00000000 00:00 0 
7fe9d4000000-7fe9d4021000 rw-p 00000000 00:00 0 
7fe9d4021000-7fe9d8000000 ---p 00000000 00:00 0 
7fe9d8000000-7fe9d8021000 rw-p 00000000 00:00 0 
7fe9d8021000-7fe9dc000000 ---p 00000000 00:00 0 
7fe9dc0fc000-7fe9dc0ff000 ---p 00000000 00:00 0 
7fe9dc0ff000-7fe9dc1fd000 rw-p 00000000 00:00 0 
7fe9dc1fd000-7fe9dccfd000 r--p 00000000 08:01 9312882                    /usr/lib/locale/locale-archive
7fe9dccfd000-7fe9dcd00000 ---p 00000000 00:00 0 
7fe9dcd00000-7fe9dcdfe000 rw-p 00000000 00:00 0 
7fe9dcdfe000-7fe9dce01000 ---p 00000000 00:00 0 
7fe9dce01000-7fe9dceff000 rw-p 00000000 00:00 0 
7fe9dceff000-7fe9dcf00000 ---p 00000000 00:00 0 
7fe9dcf00000-7fe9dd000000 rw-p 00000000 00:00 0 
7fe9dd000000-7fe9dd3f0000 rwxp 00000000 00:00 0 
7fe9dd3f0000-7fe9ec000000 ---p 00000000 00:00 0 
7fe9ec000000-7fe9ec23c000 rw-p 00000000 00:00 0 
7fe9ec23c000-7fe9f0000000 ---p 00000000 00:00 0 
7fe9f0085000-7fe9f0098000 r--s 00345000 08:01 9438208                    /usr/local/jdk1.8.0_111/jre/lib/resources.jar
7fe9f0098000-7fe9f00b0000 r--s 00218000 08:01 18743896                   /home/brian/Downloads/DOWNLOADS/mysql-connector-java-8.0.16/mysql-connector-java-8.0.16.jar
7fe9f00b0000-7fe9f1071000 rw-p 00000000 00:00 0 
7fe9f1071000-7fe9f1249000 r--s 03d2a000 08:01 9442750                    /usr/local/jdk1.8.0_111/jre/lib/rt.jar
7fe9f1249000-7fe9f1c9c000 rw-p 00000000 00:00 0 
7fe9f1c9c000-7fe9f1c9d000 ---p 00000000 00:00 0 
7fe9f1c9d000-7fe9f1d9d000 rw-p 00000000 00:00 0 
7fe9f1d9d000-7fe9f1d9e000 ---p 00000000 00:00 0 
7fe9f1d9e000-7fe9f1e9e000 rw-p 00000000 00:00 0 
7fe9f1e9e000-7fe9f1e9f000 ---p 00000000 00:00 0 
7fe9f1e9f000-7fe9f1f9f000 rw-p 00000000 00:00 0 
7fe9f1f9f000-7fe9f1fa0000 ---p 00000000 00:00 0 
7fe9f1fa0000-7fe9f20b4000 rw-p 00000000 00:00 0 
7fe9f20b4000-7fe9f21de000 ---p 00000000 00:00 0 
7fe9f21de000-7fe9f21f2000 rw-p 00000000 00:00 0 
7fe9f21f2000-7fe9f231c000 ---p 00000000 00:00 0 
7fe9f231c000-7fe9f2326000 rw-p 00000000 00:00 0 
7fe9f2326000-7fe9f23bb000 ---p 00000000 00:00 0 
7fe9f23bb000-7fe9f23cc000 rw-p 00000000 00:00 0 
7fe9f23cc000-7fe9f277c000 ---p 00000000 00:00 0 
7fe9f277c000-7fe9f2796000 r-xp 00000000 08:01 9966319                    /usr/local/jdk1.8.0_111/jre/lib/amd64/libzip.so
7fe9f2796000-7fe9f2996000 ---p 0001a000 08:01 9966319                    /usr/local/jdk1.8.0_111/jre/lib/amd64/libzip.so
7fe9f2996000-7fe9f2997000 rw-p 0001a000 08:01 9966319                    /usr/local/jdk1.8.0_111/jre/lib/amd64/libzip.so
7fe9f2997000-7fe9f29a2000 r-xp 00000000 08:01 6165232                    /lib/x86_64-linux-gnu/libnss_files-2.27.so
7fe9f29a2000-7fe9f2ba1000 ---p 0000b000 08:01 6165232                    /lib/x86_64-linux-gnu/libnss_files-2.27.so
7fe9f2ba1000-7fe9f2ba2000 r--p 0000a000 08:01 6165232                    /lib/x86_64-linux-gnu/libnss_files-2.27.so
7fe9f2ba2000-7fe9f2ba3000 rw-p 0000b000 08:01 6165232                    /lib/x86_64-linux-gnu/libnss_files-2.27.so
7fe9f2ba3000-7fe9f2ba9000 rw-p 00000000 00:00 0 
7fe9f2ba9000-7fe9f2bc0000 r-xp 00000000 08:01 6165226                    /lib/x86_64-linux-gnu/libnsl-2.27.so
7fe9f2bc0000-7fe9f2dbf000 ---p 00017000 08:01 6165226                    /lib/x86_64-linux-gnu/libnsl-2.27.so
7fe9f2dbf000-7fe9f2dc0000 r--p 00016000 08:01 6165226                    /lib/x86_64-linux-gnu/libnsl-2.27.so
7fe9f2dc0000-7fe9f2dc1000 rw-p 00017000 08:01 6165226                    /lib/x86_64-linux-gnu/libnsl-2.27.so
7fe9f2dc1000-7fe9f2dc3000 rw-p 00000000 00:00 0 
7fe9f2dc3000-7fe9f2dce000 r-xp 00000000 08:01 6165243                    /lib/x86_64-linux-gnu/libnss_nis-2.27.so
7fe9f2dce000-7fe9f2fcd000 ---p 0000b000 08:01 6165243                    /lib/x86_64-linux-gnu/libnss_nis-2.27.so
7fe9f2fcd000-7fe9f2fce000 r--p 0000a000 08:01 6165243                    /lib/x86_64-linux-gnu/libnss_nis-2.27.so
7fe9f2fce000-7fe9f2fcf000 rw-p 0000b000 08:01 6165243                    /lib/x86_64-linux-gnu/libnss_nis-2.27.so
7fe9f2fcf000-7fe9f2fd7000 r-xp 00000000 08:01 6165228                    /lib/x86_64-linux-gnu/libnss_compat-2.27.so
7fe9f2fd7000-7fe9f31d7000 ---p 00008000 08:01 6165228                    /lib/x86_64-linux-gnu/libnss_compat-2.27.so
7fe9f31d7000-7fe9f31d8000 r--p 00008000 08:01 6165228                    /lib/x86_64-linux-gnu/libnss_compat-2.27.so
7fe9f31d8000-7fe9f31d9000 rw-p 00009000 08:01 6165228                    /lib/x86_64-linux-gnu/libnss_compat-2.27.so
7fe9f31d9000-7fe9f3204000 r-xp 00000000 08:01 9966296                    /usr/local/jdk1.8.0_111/jre/lib/amd64/libjava.so
7fe9f3204000-7fe9f3403000 ---p 0002b000 08:01 9966296                    /usr/local/jdk1.8.0_111/jre/lib/amd64/libjava.so
7fe9f3403000-7fe9f3405000 rw-p 0002a000 08:01 9966296                    /usr/local/jdk1.8.0_111/jre/lib/amd64/libjava.so
7fe9f3405000-7fe9f3412000 r-xp 00000000 08:01 9966266                    /usr/local/jdk1.8.0_111/jre/lib/amd64/libverify.so
7fe9f3412000-7fe9f3611000 ---p 0000d000 08:01 9966266                    /usr/local/jdk1.8.0_111/jre/lib/amd64/libverify.so
7fe9f3611000-7fe9f3613000 rw-p 0000c000 08:01 9966266                    /usr/local/jdk1.8.0_111/jre/lib/amd64/libverify.so
7fe9f3613000-7fe9f361a000 r-xp 00000000 08:01 6165283                    /lib/x86_64-linux-gnu/librt-2.27.so
7fe9f361a000-7fe9f3819000 ---p 00007000 08:01 6165283                    /lib/x86_64-linux-gnu/librt-2.27.so
7fe9f3819000-7fe9f381a000 r--p 00006000 08:01 6165283                    /lib/x86_64-linux-gnu/librt-2.27.so
7fe9f381a000-7fe9f381b000 rw-p 00007000 08:01 6165283                    /lib/x86_64-linux-gnu/librt-2.27.so
7fe9f381b000-7fe9f39b8000 r-xp 00000000 08:01 6165205                    /lib/x86_64-linux-gnu/libm-2.27.so
7fe9f39b8000-7fe9f3bb7000 ---p 0019d000 08:01 6165205                    /lib/x86_64-linux-gnu/libm-2.27.so
7fe9f3bb7000-7fe9f3bb8000 r--p 0019c000 08:01 6165205                    /lib/x86_64-linux-gnu/libm-2.27.so
7fe9f3bb8000-7fe9f3bb9000 rw-p 0019d000 08:01 6165205                    /lib/x86_64-linux-gnu/libm-2.27.so
7fe9f3bb9000-7fe9f4886000 r-xp 00000000 08:01 9965450                    /usr/local/jdk1.8.0_111/jre/lib/amd64/server/libjvm.so
7fe9f4886000-7fe9f4a85000 ---p 00ccd000 08:01 9965450                    /usr/local/jdk1.8.0_111/jre/lib/amd64/server/libjvm.so
7fe9f4a85000-7fe9f4b5e000 rw-p 00ccc000 08:01 9965450                    /usr/local/jdk1.8.0_111/jre/lib/amd64/server/libjvm.so
7fe9f4b5e000-7fe9f4ba9000 rw-p 00000000 00:00 0 
7fe9f4ba9000-7fe9f4d90000 r-xp 00000000 08:01 6165142                    /lib/x86_64-linux-gnu/libc-2.27.so
7fe9f4d90000-7fe9f4f90000 ---p 001e7000 08:01 6165142                    /lib/x86_64-linux-gnu/libc-2.27.so
7fe9f4f90000-7fe9f4f94000 r--p 001e7000 08:01 6165142                    /lib/x86_64-linux-gnu/libc-2.27.so
7fe9f4f94000-7fe9f4f96000 rw-p 001eb000 08:01 6165142                    /lib/x86_64-linux-gnu/libc-2.27.so
7fe9f4f96000-7fe9f4f9a000 rw-p 00000000 00:00 0 
7fe9f4f9a000-7fe9f4f9d000 r-xp 00000000 08:01 6165165                    /lib/x86_64-linux-gnu/libdl-2.27.so
7fe9f4f9d000-7fe9f519c000 ---p 00003000 08:01 6165165                    /lib/x86_64-linux-gnu/libdl-2.27.so
7fe9f519c000-7fe9f519d000 r--p 00002000 08:01 6165165                    /lib/x86_64-linux-gnu/libdl-2.27.so
7fe9f519d000-7fe9f519e000 rw-p 00003000 08:01 6165165                    /lib/x86_64-linux-gnu/libdl-2.27.so
7fe9f519e000-7fe9f51b3000 r-xp 00000000 08:01 9966328                    /usr/local/jdk1.8.0_111/lib/amd64/jli/libjli.so
7fe9f51b3000-7fe9f53b3000 ---p 00015000 08:01 9966328                    /usr/local/jdk1.8.0_111/lib/amd64/jli/libjli.so
7fe9f53b3000-7fe9f53b4000 rw-p 00015000 08:01 9966328                    /usr/local/jdk1.8.0_111/lib/amd64/jli/libjli.so
7fe9f53b4000-7fe9f53ce000 r-xp 00000000 08:01 6165275                    /lib/x86_64-linux-gnu/libpthread-2.27.so
7fe9f53ce000-7fe9f55cd000 ---p 0001a000 08:01 6165275                    /lib/x86_64-linux-gnu/libpthread-2.27.so
7fe9f55cd000-7fe9f55ce000 r--p 00019000 08:01 6165275                    /lib/x86_64-linux-gnu/libpthread-2.27.so
7fe9f55ce000-7fe9f55cf000 rw-p 0001a000 08:01 6165275                    /lib/x86_64-linux-gnu/libpthread-2.27.so
7fe9f55cf000-7fe9f55d3000 rw-p 00000000 00:00 0 
7fe9f55d3000-7fe9f55fa000 r-xp 00000000 08:01 6165114                    /lib/x86_64-linux-gnu/ld-2.27.so
7fe9f5605000-7fe9f56dd000 rw-p 00000000 00:00 0 
7fe9f56dd000-7fe9f56de000 ---p 00000000 00:00 0 
7fe9f56de000-7fe9f56e1000 ---p 00000000 00:00 0 
7fe9f56e1000-7fe9f57e0000 rw-p 00000000 00:00 0 
7fe9f57ea000-7fe9f57ee000 rw-s 00000000 00:05 2359307                    /SYSV00000000 (deleted)
7fe9f57ee000-7fe9f57f6000 rw-s 00000000 08:01 17696342                   /tmp/hsperfdata_brian/20921
7fe9f57f6000-7fe9f57f7000 rw-p 00000000 00:00 0 
7fe9f57f7000-7fe9f57f8000 r--p 00000000 00:00 0 
7fe9f57f8000-7fe9f57fa000 rw-p 00000000 00:00 0 
7fe9f57fa000-7fe9f57fb000 r--p 00027000 08:01 6165114                    /lib/x86_64-linux-gnu/ld-2.27.so
7fe9f57fb000-7fe9f57fc000 rw-p 00028000 08:01 6165114                    /lib/x86_64-linux-gnu/ld-2.27.so
7fe9f57fc000-7fe9f57fd000 rw-p 00000000 00:00 0 
7ffc41913000-7ffc41934000 rw-p 00000000 00:00 0                          [stack]
7ffc419b6000-7ffc419b9000 r--p 00000000 00:00 0                          [vvar]
7ffc419b9000-7ffc419bb000 r-xp 00000000 00:00 0                          [vdso]
ffffffffff600000-ffffffffff601000 r-xp 00000000 00:00 0                  [vsyscall]

VM Arguments:
jvm_args: -Dfile.encoding=UTF-8 
java_command: com.brian.tea_records_interface.WelcomeInterface
java_class_path (initial): /home/brian/Downloads/DOWNLOADS/mysql-connector-java-8.0.16/mysql-connector-java-8.0.16.jar:/home/brian/NetBeansProjects/TeaRecords/build/classes
Launcher Type: SUN_STANDARD

Environment Variables:
PATH=/usr/local/sbin:/usr/local/bin:/usr/sbin:/usr/bin:/sbin:/bin:/usr/games:/usr/local/games:/snap/bin
USERNAME=brian
LD_LIBRARY_PATH=/usr/local/jdk1.8.0_111/jre/lib/amd64:/usr/local/jdk1.8.0_111/jre/lib/i386:
SHELL=/bin/bash
DISPLAY=:0

Signal Handlers:
SIGSEGV: [libjvm.so+0xac64b0], sa_mask[0]=11111111011111111101111111111110, sa_flags=SA_RESTART|SA_SIGINFO
SIGBUS: [libjvm.so+0xac64b0], sa_mask[0]=11111111011111111101111111111110, sa_flags=SA_RESTART|SA_SIGINFO
SIGFPE: [libjvm.so+0x91f950], sa_mask[0]=11111111011111111101111111111110, sa_flags=SA_RESTART|SA_SIGINFO
SIGPIPE: [libjvm.so+0x91f950], sa_mask[0]=11111111011111111101111111111110, sa_flags=SA_RESTART|SA_SIGINFO
SIGXFSZ: [libjvm.so+0x91f950], sa_mask[0]=11111111011111111101111111111110, sa_flags=SA_RESTART|SA_SIGINFO
SIGILL: [libjvm.so+0x91f950], sa_mask[0]=11111111011111111101111111111110, sa_flags=SA_RESTART|SA_SIGINFO
SIGUSR1: SIG_DFL, sa_mask[0]=00000000000000000000000000000000, sa_flags=none
SIGUSR2: [libjvm.so+0x920f80], sa_mask[0]=00100000000000000000000000000000, sa_flags=SA_RESTART|SA_SIGINFO
SIGHUP: [libjvm.so+0x922380], sa_mask[0]=11111111011111111101111111111110, sa_flags=SA_RESTART|SA_SIGINFO
SIGINT: SIG_IGN, sa_mask[0]=00000000000000000000000000000000, sa_flags=none
SIGTERM: [libjvm.so+0x922380], sa_mask[0]=11111111011111111101111111111110, sa_flags=SA_RESTART|SA_SIGINFO
SIGQUIT: [libjvm.so+0x922380], sa_mask[0]=11111111011111111101111111111110, sa_flags=SA_RESTART|SA_SIGINFO


---------------  S Y S T E M  ---------------

OS:DISTRIB_ID=Ubuntu
DISTRIB_RELEASE=18.04
DISTRIB_CODENAME=bionic
DISTRIB_DESCRIPTION="Ubuntu 18.04.1 LTS"

uname:Linux 4.15.0-29-generic #31-Ubuntu SMP Tue Jul 17 15:39:52 UTC 2018 x86_64
libc:glibc 2.27 NPTL 2.27 
rlimit: STACK 8192k, CORE 0k, NPROC 15002, NOFILE 1048576, AS infinity
load average:5.83 2.31 1.73

/proc/meminfo:
MemTotal:        3899640 kB
MemFree:         2971940 kB
MemAvailable:    3388764 kB
Buffers:           34956 kB
Cached:           638664 kB
SwapCached:           20 kB
Active:           344604 kB
Inactive:         446616 kB
Active(anon):      97784 kB
Inactive(anon):    96792 kB
Active(file):     246820 kB
Inactive(file):   349824 kB
Unevictable:           0 kB
Mlocked:               0 kB
SwapTotal:       2097148 kB
SwapFree:        2095856 kB
Dirty:               220 kB
Writeback:           196 kB
AnonPages:        117684 kB
Mapped:            61936 kB
Shmem:             76924 kB
Slab:              84492 kB
SReclaimable:      49168 kB
SUnreclaim:        35324 kB
KernelStack:        2480 kB
PageTables:         3708 kB
NFS_Unstable:          0 kB
Bounce:                0 kB
WritebackTmp:          0 kB
CommitLimit:     4046968 kB
Committed_AS:     558480 kB
VmallocTotal:   34359738367 kB
VmallocUsed:           0 kB
VmallocChunk:          0 kB
HardwareCorrupted:     0 kB
AnonHugePages:         0 kB
ShmemHugePages:        0 kB
ShmemPmdMapped:        0 kB
CmaTotal:              0 kB
CmaFree:               0 kB
HugePages_Total:       0
HugePages_Free:        0
HugePages_Rsvd:        0
HugePages_Surp:        0
Hugepagesize:       2048 kB
DirectMap4k:      165760 kB
DirectMap2M:     3889152 kB


CPU:total 4 (2 cores per cpu, 2 threads per core) family 6 model 58 stepping 9, cmov, cx8, fxsr, mmx, sse, sse2, sse3, ssse3, sse4.1, sse4.2, popcnt, avx, aes, clmul, erms, ht, tsc, tscinvbit, tscinv

/proc/cpuinfo:
processor	: 0
vendor_id	: GenuineIntel
cpu family	: 6
model		: 58
model name	: Intel(R) Core(TM) i5-3337U CPU @ 1.80GHz
stepping	: 9
microcode	: 0x1f
cpu MHz		: 895.021
cache size	: 3072 KB
physical id	: 0
siblings	: 4
core id		: 0
cpu cores	: 2
apicid		: 0
initial apicid	: 0
fpu		: yes
fpu_exception	: yes
cpuid level	: 13
wp		: yes
flags		: fpu vme de pse tsc msr pae mce cx8 apic sep mtrr pge mca cmov pat pse36 clflush dts acpi mmx fxsr sse sse2 ss ht tm pbe syscall nx rdtscp lm constant_tsc arch_perfmon pebs bts rep_good nopl xtopology nonstop_tsc cpuid aperfmperf pni pclmulqdq dtes64 monitor ds_cpl vmx est tm2 ssse3 cx16 xtpr pdcm pcid sse4_1 sse4_2 x2apic popcnt tsc_deadline_timer aes xsave avx f16c rdrand lahf_lm cpuid_fault epb pti ibrs ibpb stibp tpr_shadow vnmi flexpriority ept vpid fsgsbase smep erms xsaveopt dtherm ida arat pln pts
bugs		: cpu_meltdown spectre_v1 spectre_v2 spec_store_bypass
bogomips	: 3591.71
clflush size	: 64
cache_alignment	: 64
address sizes	: 36 bits physical, 48 bits virtual
power management:

processor	: 1
vendor_id	: GenuineIntel
cpu family	: 6
model		: 58
model name	: Intel(R) Core(TM) i5-3337U CPU @ 1.80GHz
stepping	: 9
microcode	: 0x1f
cpu MHz		: 801.094
cache size	: 3072 KB
physical id	: 0
siblings	: 4
core id		: 0
cpu cores	: 2
apicid		: 1
initial apicid	: 1
fpu		: yes
fpu_exception	: yes
cpuid level	: 13
wp		: yes
flags		: fpu vme de pse tsc msr pae mce cx8 apic sep mtrr pge mca cmov pat pse36 clflush dts acpi mmx fxsr sse sse2 ss ht tm pbe syscall nx rdtscp lm constant_tsc arch_perfmon pebs bts rep_good nopl xtopology nonstop_tsc cpuid aperfmperf pni pclmulqdq dtes64 monitor ds_cpl vmx est tm2 ssse3 cx16 xtpr pdcm pcid sse4_1 sse4_2 x2apic popcnt tsc_deadline_timer aes xsave avx f16c rdrand lahf_lm cpuid_fault epb pti ibrs ibpb stibp tpr_shadow vnmi flexpriority ept vpid fsgsbase smep erms xsaveopt dtherm ida arat pln pts
bugs		: cpu_meltdown spectre_v1 spectre_v2 spec_store_bypass
bogomips	: 3591.71
clflush size	: 64
cache_alignment	: 64
address sizes	: 36 bits physical, 48 bits virtual
power management:

processor	: 2
vendor_id	: GenuineIntel
cpu family	: 6
model		: 58
model name	: Intel(R) Core(TM) i5-3337U CPU @ 1.80GHz
stepping	: 9
microcode	: 0x1f
cpu MHz		: 843.316
cache size	: 3072 KB
physical id	: 0
siblings	: 4
core id		: 1
cpu cores	: 2
apicid		: 2
initial apicid	: 2
fpu		: yes
fpu_exception	: yes
cpuid level	: 13
wp		: yes
flags		: fpu vme de pse tsc msr pae mce cx8 apic sep mtrr pge mca cmov pat pse36 clflush dts acpi mmx fxsr sse sse2 ss ht tm pbe syscall nx rdtscp lm constant_tsc arch_perfmon pebs bts rep_good nopl xtopology nonstop_tsc cpuid aperfmperf pni pclmulqdq dtes64 monitor ds_cpl vmx est tm2 ssse3 cx16 xtpr pdcm pcid sse4_1 sse4_2 x2apic popcnt tsc_deadline_timer aes xsave avx f16c rdrand lahf_lm cpuid_fault epb pti ibrs ibpb stibp tpr_shadow vnmi flexpriority ept vpid fsgsbase smep erms xsaveopt dtherm ida arat pln pts
bugs		: cpu_meltdown spectre_v1 spectre_v2 spec_store_bypass
bogomips	: 3591.71
clflush size	: 64
cache_alignment	: 64
address sizes	: 36 bits physical, 48 bits virtual
power management:

processor	: 3
vendor_id	: GenuineIntel
cpu family	: 6
model		: 58
model name	: Intel(R) Core(TM) i5-3337U CPU @ 1.80GHz
stepping	: 9
microcode	: 0x1f
cpu MHz		: 830.004
cache size	: 3072 KB
physical id	: 0
siblings	: 4
core id		: 1
cpu cores	: 2
apicid		: 3
initial apicid	: 3
fpu		: yes
fpu_exception	: yes
cpuid level	: 13
wp		: yes
flags		: fpu vme de pse tsc msr pae mce cx8 apic sep mtrr pge mca cmov pat pse36 clflush dts acpi mmx fxsr sse sse2 ss ht tm pbe syscall nx rdtscp lm constant_tsc arch_perfmon pebs bts rep_good nopl xtopology nonstop_tsc cpuid aperfmperf pni pclmulqdq dtes64 monitor ds_cpl vmx est tm2 ssse3 cx16 xtpr pdcm pcid sse4_1 sse4_2 x2apic popcnt tsc_deadline_timer aes xsave avx f16c rdrand lahf_lm cpuid_fault epb pti ibrs ibpb stibp tpr_shadow vnmi flexpriority ept vpid fsgsbase smep erms xsaveopt dtherm ida arat pln pts
bugs		: cpu_meltdown spectre_v1 spectre_v2 spec_store_bypass
bogomips	: 3591.71
clflush size	: 64
cache_alignment	: 64
address sizes	: 36 bits physical, 48 bits virtual
power management:



Memory: 4k page, physical 3899640k(2971940k free), swap 2097148k(2095856k free)

vm_info: Java HotSpot(TM) 64-Bit Server VM (25.111-b14) for linux-amd64 JRE (1.8.0_111-b14), built on Sep 22 2016 16:14:03 by "java_re" with gcc 4.3.0 20080428 (Red Hat 4.3.0-8)

time: Thu Jul 11 15:52:43 2019
elapsed time: 8991 seconds (0d 2h 29m 51s)

